<?xml version="1.0" encoding="UTF-8"?>
<testsuite name="WebsiteMonitorTest" tests="7" skipped="0" failures="0" errors="0" timestamp="2021-06-04T13:53:32" hostname="C02VR19DHTD8" time="1.056">
  <properties/>
  <testcase name="testGetWebResponseReturnsSomeText()" classname="WebsiteMonitorTest" time="0.682"/>
  <testcase name="testValidateResponseMatchesRegex()" classname="WebsiteMonitorTest" time="0.117"/>
  <testcase name="testGetListOfWebsites()" classname="WebsiteMonitorTest" time="0.055"/>
  <testcase name="testGetCheckPeriodSeconds()" classname="WebsiteMonitorTest" time="0.004"/>
  <testcase name="testValidateResponseDoesNotMatchRegex()" classname="WebsiteMonitorTest" time="0.096"/>
  <testcase name="testReadJsonConfigurationFromFile$website_monitor()" classname="WebsiteMonitorTest" time="0.003"/>
  <testcase name="testValidateSuccessStatusCode()" classname="WebsiteMonitorTest" time="0.09"/>
  <system-out><![CDATA[Fri Jun 04 14:53:33 BST 2021 : SUCCESS: https://www.google.com matches regex '<title>Google</title>'
Fri Jun 04 14:53:33 BST 2021 : ERROR: https://www.google.com does not match regex '<title>Googly</title>'
Fri Jun 04 14:53:34 BST 2021 : SUCCESS: https://www.google.com request time: 89 ms
]]></system-out>
  <system-err><![CDATA[[2021.06.04 14:53:33] (Coverage): Error during class instrumentation: kotlin.collections.MapsKt___MapsKt: java.lang.StringIndexOutOfBoundsException: begin 0, end -1, length 14
[2021.06.04 14:53:33] (Coverage): Error during class instrumentation: kotlin.collections.MapsKt__MapsKt: java.lang.StringIndexOutOfBoundsException: begin 0, end -1, length 14
[2021.06.04 14:53:33] (Coverage): Error during class instrumentation: kotlin.collections.MapsKt__MapWithDefaultKt: java.lang.StringIndexOutOfBoundsException: begin 0, end -1, length 14
[2021.06.04 14:53:33] (Coverage): Error during class instrumentation: kotlin.collections.CollectionsKt___CollectionsKt: java.lang.StringIndexOutOfBoundsException: begin 0, end -1, length 14
[2021.06.04 14:53:33] (Coverage): Error during class instrumentation: kotlin.collections.ArrayAsCollection: java.lang.StringIndexOutOfBoundsException: begin 0, end -1, length 14
[2021.06.04 14:53:33] (Coverage): Error during class instrumentation: kotlin.collections.SetsKt___SetsKt: java.lang.StringIndexOutOfBoundsException: begin 0, end -1, length 14
[2021.06.04 14:53:33] (Coverage): Error during class instrumentation: kotlin.collections.ArraysKt___ArraysKt: java.lang.StringIndexOutOfBoundsException: begin 0, end -1, length 14
[2021.06.04 14:53:33] (Coverage): Error during class instrumentation: kotlin.text.StringsKt___StringsKt: java.lang.StringIndexOutOfBoundsException: begin 0, end -1, length 14
[2021.06.04 14:53:33] (Coverage): Error during class instrumentation: kotlin.text.StringsKt__StringsKt: java.lang.StringIndexOutOfBoundsException: begin 0, end -1, length 14
[2021.06.04 14:53:33] (Coverage): Error during class instrumentation: kotlin.text.StringsKt__StringsJVMKt: java.lang.StringIndexOutOfBoundsException: begin 0, end -1, length 14
[2021.06.04 14:53:33] (Coverage): Error during class instrumentation: kotlin.text.StringsKt__StringNumberConversionsJVMKt: java.lang.StringIndexOutOfBoundsException: begin 0, end -1, length 14
[2021.06.04 14:53:33] (Coverage): Error during class instrumentation: kotlin.text.StringsKt__IndentKt: java.lang.StringIndexOutOfBoundsException: begin 0, end -1, length 14
[2021.06.04 14:53:33] (Coverage): Error during class instrumentation: kotlin.sequences.SequencesKt___SequencesKt: java.lang.StringIndexOutOfBoundsException: begin 0, end -1, length 14
[2021.06.04 14:53:33] (Coverage): Error during class instrumentation: kotlin.io.FilesKt__UtilsKt: java.lang.StringIndexOutOfBoundsException: begin 0, end -1, length 14
[2021.06.04 14:53:33] (Coverage): Error during class instrumentation: kotlin.io.FilesKt__FilePathComponentsKt: java.lang.StringIndexOutOfBoundsException: begin 0, end -1, length 14
[2021.06.04 14:53:33] (Coverage): Error during class instrumentation: kotlin.io.TextStreamsKt: java.lang.StringIndexOutOfBoundsException: begin 0, end -1, length 14
]]></system-err>
</testsuite>
